  ModuleWindow.cpp
  ModuleTextures.cpp
  ModuleSceneSagat.cpp
c:\users\cristian\documents\github\super-street-fighter-ii\animation.h(33): warning C4244: '=' : conversión de 'unsigned int' a 'float'; posible pérdida de datos
  ModuleRender.cpp
  ModulePlayerBlanka2.cpp
c:\users\cristian\documents\github\super-street-fighter-ii\animation.h(33): warning C4244: '=' : conversión de 'unsigned int' a 'float'; posible pérdida de datos
  ModulePlayerBlanka1.cpp
c:\users\cristian\documents\github\super-street-fighter-ii\animation.h(33): warning C4244: '=' : conversión de 'unsigned int' a 'float'; posible pérdida de datos
  ModuleInput.cpp
  ModuleGUI.cpp
c:\users\cristian\documents\github\super-street-fighter-ii\animation.h(33): warning C4244: '=' : conversión de 'unsigned int' a 'float'; posible pérdida de datos
  ModuleFadeToBlack.cpp
  ModuleCollision.cpp
  ModuleAudio.cpp
  Main.cpp
  Log.cpp
  Continue.cpp
c:\users\cristian\documents\github\super-street-fighter-ii\animation.h(33): warning C4244: '=' : conversión de 'unsigned int' a 'float'; posible pérdida de datos
  Application.cpp
c:\users\cristian\documents\github\super-street-fighter-ii\animation.h(33): warning C4244: '=' : conversión de 'unsigned int' a 'float'; posible pérdida de datos
  Generando código...
MSVCRTD.lib(cinitexe.obj) : warning LNK4098: la biblioteca predeterminada'msvcrt.lib' entra en conflicto con otras bibliotecas; use la biblioteca /NODEFAULTLIB:biblioteca
  SDL Game.vcxproj -> C:\Users\Cristian\Documents\GitHub\Super-Street-Fighter-II\Debug\Super Street Fighter II.exe
