Build started 21/03/2017 23:25:06.
     1>Project "C:\Users\Cristian\Documents\GitHub\Super-Street-Fighter-II\SDL Game.vcxproj" on node 2 (Build target(s)).
     1>C:\Program Files (x86)\MSBuild\Microsoft.Cpp\v4.0\V120\Microsoft.CppBuild.targets(364,5): warning MSB8004: Output Directory does not end with a trailing slash.  This build instance will add the slash as it is required to allow proper evaluation of the Output Directory.
     1>ClCompile:
         C:\Program Files (x86)\Microsoft Visual Studio 12.0\VC\bin\CL.exe /c /Zi /nologo /W3 /WX- /sdl- /O2 /Oi /Oy- /GL /D _MBCS /Gm- /EHsc /MD /GS /Gy /fp:precise /Zc:wchar_t /Zc:forScope /Fo"Release\\" /Fd"Release\vc120.pdb" /Gd /TP /analyze- /errorReport:prompt ModulePlayer.cpp
         ModulePlayer.cpp
       Link:
         C:\Program Files (x86)\Microsoft Visual Studio 12.0\VC\bin\link.exe /ERRORREPORT:PROMPT /OUT:".\Release\Super Street Fighter II.exe" /NOLOGO kernel32.lib user32.lib gdi32.lib winspool.lib comdlg32.lib advapi32.lib shell32.lib ole32.lib oleaut32.lib uuid.lib odbc32.lib odbccp32.lib /MANIFEST /MANIFESTUAC:"level='asInvoker' uiAccess='false'" /manifest:embed /DEBUG /PDB:".\Release\Super Street Fighter II.pdb" /SUBSYSTEM:WINDOWS /OPT:REF /OPT:ICF /LTCG /TLBID:1 /DYNAMICBASE /NXCOMPAT /IMPLIB:".\Release\Super Street Fighter II.lib" /MACHINE:X86 /SAFESEH Release\Application.obj
         Release\Continue.obj
         Release\Log.obj
         Release\Main.obj
         Release\ModuleAudio.obj
         Release\ModuleCollision.obj
         Release\ModuleFadeToBlack.obj
         Release\ModuleGUI.obj
         Release\ModuleInput.obj
         Release\ModulePlayer.obj
         Release\ModuleRender.obj
         Release\ModuleSceneSagat.obj
         Release\ModuleTextures.obj
         Release\ModuleWindow.obj
         Generating code
         Finished generating code
         SDL Game.vcxproj -> C:\Users\Cristian\Documents\GitHub\Super-Street-Fighter-II\.\Release\Super Street Fighter II.exe
     1>Done Building Project "C:\Users\Cristian\Documents\GitHub\Super-Street-Fighter-II\SDL Game.vcxproj" (Build target(s)).

Build succeeded.

Time Elapsed 00:00:03.12
